# JRE version: Java(TM) SE Runtime Environment (8.0_181-b13) (build 1.8.0_181-b13)
# Java VM: Java HotSpot(TM) 64-Bit Server VM (25.181-b13 mixed mode windows-amd64 compressed oops)
Heap:
 PSYoungGen      total 122880K, used 21464K [0x00000000f5580000, 0x00000000ff980000, 0x0000000100000000)
  eden space 79872K, 5% used [0x00000000f5580000,0x00000000f5967008,0x00000000fa380000)
  from space 43008K, 40% used [0x00000000fcf80000,0x00000000fe08f0d8,0x00000000ff980000)
  to   space 44032K, 0% used [0x00000000fa380000,0x00000000fa380000,0x00000000fce80000)
 ParOldGen       total 205312K, used 121565K [0x00000000e0000000, 0x00000000ec880000, 0x00000000f5580000)
  object space 205312K, 59% used [0x00000000e0000000,0x00000000e76b7430,0x00000000ec880000)
 Metaspace       used 93776K, capacity 101444K, committed 101632K, reserved 1136640K
  class space    used 12238K, capacity 13731K, committed 13824K, reserved 1048576K
GC Heap History (10 events):
Event: 7530.274 GC heap before
{Heap before GC invocations=56 (full 4):
 PSYoungGen      total 118784K, used 65888K [0x00000000f5580000, 0x00000000fff80000, 0x0000000100000000)
  eden space 64000K, 100% used [0x00000000f5580000,0x00000000f9400000,0x00000000f9400000)
  from space 54784K, 3% used [0x00000000f9400000,0x00000000f95d8000,0x00000000fc980000)
  to   space 54272K, 0% used [0x00000000fca80000,0x00000000fca80000,0x00000000fff80000)
 ParOldGen       total 205312K, used 106874K [0x00000000e0000000, 0x00000000ec880000, 0x00000000f5580000)
  object space 205312K, 52% used [0x00000000e0000000,0x00000000e685ebd0,0x00000000ec880000)
 Metaspace       used 92798K, capacity 100412K, committed 100608K, reserved 1136640K
  class space    used 12216K, capacity 13709K, committed 13824K, reserved 1048576K
Event: 7530.293 GC heap after
Heap after GC invocations=56 (full 4):
 PSYoungGen      total 114688K, used 13393K [0x00000000f5580000, 0x00000000ffa80000, 0x0000000100000000)
  eden space 65536K, 0% used [0x00000000f5580000,0x00000000f5580000,0x00000000f9580000)
  from space 49152K, 27% used [0x00000000fca80000,0x00000000fd794618,0x00000000ffa80000)
  to   space 51712K, 0% used [0x00000000f9580000,0x00000000f9580000,0x00000000fc800000)
 ParOldGen       total 205312K, used 108696K [0x00000000e0000000, 0x00000000ec880000, 0x00000000f5580000)
  object space 205312K, 52% used [0x00000000e0000000,0x00000000e6a26370,0x00000000ec880000)
 Metaspace       used 92798K, capacity 100412K, committed 100608K, reserved 1136640K
  class space    used 12216K, capacity 13709K, committed 13824K, reserved 1048576K
}
Event: 7532.240 GC heap before
{Heap before GC invocations=57 (full 4):
 PSYoungGen      total 114688K, used 78929K [0x00000000f5580000, 0x00000000ffa80000, 0x0000000100000000)
  eden space 65536K, 100% used [0x00000000f5580000,0x00000000f9580000,0x00000000f9580000)
  from space 49152K, 27% used [0x00000000fca80000,0x00000000fd794618,0x00000000ffa80000)
  to   space 51712K, 0% used [0x00000000f9580000,0x00000000f9580000,0x00000000fc800000)
 ParOldGen       total 205312K, used 108696K [0x00000000e0000000, 0x00000000ec880000, 0x00000000f5580000)
  object space 205312K, 52% used [0x00000000e0000000,0x00000000e6a26370,0x00000000ec880000)
 Metaspace       used 93239K, capacity 100846K, committed 101120K, reserved 1136640K
  class space    used 12234K, capacity 13728K, committed 13824K, reserved 1048576K
Event: 7532.269 GC heap after
Heap after GC invocations=57 (full 4):
 PSYoungGen      total 117248K, used 8671K [0x00000000f5580000, 0x00000000ffe80000, 0x0000000100000000)
  eden space 65536K, 0% used [0x00000000f5580000,0x00000000f5580000,0x00000000f9580000)
  from space 51712K, 16% used [0x00000000f9580000,0x00000000f9df7e70,0x00000000fc800000)
  to   space 49664K, 0% used [0x00000000fce00000,0x00000000fce00000,0x00000000ffe80000)
 ParOldGen       total 205312K, used 114453K [0x00000000e0000000, 0x00000000ec880000, 0x00000000f5580000)
  object space 205312K, 55% used [0x00000000e0000000,0x00000000e6fc5608,0x00000000ec880000)
 Metaspace       used 93239K, capacity 100846K, committed 101120K, reserved 1136640K
  class space    used 12234K, capacity 13728K, committed 13824K, reserved 1048576K
}
Event: 7532.477 GC heap before
{Heap before GC invocations=58 (full 4):
 PSYoungGen      total 117248K, used 74186K [0x00000000f5580000, 0x00000000ffe80000, 0x0000000100000000)
  eden space 65536K, 99% used [0x00000000f5580000,0x00000000f957ad58,0x00000000f9580000)
  from space 51712K, 16% used [0x00000000f9580000,0x00000000f9df7e70,0x00000000fc800000)
  to   space 49664K, 0% used [0x00000000fce00000,0x00000000fce00000,0x00000000ffe80000)
 ParOldGen       total 205312K, used 114453K [0x00000000e0000000, 0x00000000ec880000, 0x00000000f5580000)
  object space 205312K, 55% used [0x00000000e0000000,0x00000000e6fc5608,0x00000000ec880000)
 Metaspace       used 93280K, capacity 100974K, committed 101120K, reserved 1136640K
  class space    used 12235K, capacity 13728K, committed 13824K, reserved 1048576K
Event: 7532.503 GC heap after
Heap after GC invocations=58 (full 4):
 PSYoungGen      total 120320K, used 6400K [0x00000000f5580000, 0x00000000ffc00000, 0x0000000100000000)
  eden space 73216K, 0% used [0x00000000f5580000,0x00000000f5580000,0x00000000f9d00000)
  from space 47104K, 13% used [0x00000000fce00000,0x00000000fd440000,0x00000000ffc00000)
  to   space 48640K, 0% used [0x00000000f9d00000,0x00000000f9d00000,0x00000000fcc80000)
 ParOldGen       total 205312K, used 121229K [0x00000000e0000000, 0x00000000ec880000, 0x00000000f5580000)
  object space 205312K, 59% used [0x00000000e0000000,0x00000000e7663420,0x00000000ec880000)
 Metaspace       used 93280K, capacity 100974K, committed 101120K, reserved 1136640K
  class space    used 12235K, capacity 13728K, committed 13824K, reserved 1048576K
}
Event: 7533.999 GC heap before
{Heap before GC invocations=59 (full 4):
 PSYoungGen      total 120320K, used 79616K [0x00000000f5580000, 0x00000000ffc00000, 0x0000000100000000)
  eden space 73216K, 100% used [0x00000000f5580000,0x00000000f9d00000,0x00000000f9d00000)
  from space 47104K, 13% used [0x00000000fce00000,0x00000000fd440000,0x00000000ffc00000)
  to   space 48640K, 0% used [0x00000000f9d00000,0x00000000f9d00000,0x00000000fcc80000)
 ParOldGen       total 205312K, used 121229K [0x00000000e0000000, 0x00000000ec880000, 0x00000000f5580000)
  object space 205312K, 59% used [0x00000000e0000000,0x00000000e7663420,0x00000000ec880000)
 Metaspace       used 93481K, capacity 101178K, committed 101376K, reserved 1136640K
  class space    used 12236K, capacity 13730K, committed 13824K, reserved 1048576K
Event: 7534.022 GC heap after
Heap after GC invocations=59 (full 4):
 PSYoungGen      total 121856K, used 10245K [0x00000000f5580000, 0x00000000ffc80000, 0x0000000100000000)
  eden space 73216K, 0% used [0x00000000f5580000,0x00000000f5580000,0x00000000f9d00000)
  from space 48640K, 21% used [0x00000000f9d00000,0x00000000fa7014b0,0x00000000fcc80000)
  to   space 46080K, 0% used [0x00000000fcf80000,0x00000000fcf80000,0x00000000ffc80000)
 ParOldGen       total 205312K, used 121341K [0x00000000e0000000, 0x00000000ec880000, 0x00000000f5580000)
  object space 205312K, 59% used [0x00000000e0000000,0x00000000e767f430,0x00000000ec880000)
 Metaspace       used 93481K, capacity 101178K, committed 101376K, reserved 1136640K
  class space    used 12236K, capacity 13730K, committed 13824K, reserved 1048576K
}
Event: 7536.012 GC heap before
{Heap before GC invocations=60 (full 4):
 PSYoungGen      total 121856K, used 83461K [0x00000000f5580000, 0x00000000ffc80000, 0x0000000100000000)
  eden space 73216K, 100% used [0x00000000f5580000,0x00000000f9d00000,0x00000000f9d00000)
  from space 48640K, 21% used [0x00000000f9d00000,0x00000000fa7014b0,0x00000000fcc80000)
  to   space 46080K, 0% used [0x00000000fcf80000,0x00000000fcf80000,0x00000000ffc80000)
 ParOldGen       total 205312K, used 121341K [0x00000000e0000000, 0x00000000ec880000, 0x00000000f5580000)
  object space 205312K, 59% used [0x00000000e0000000,0x00000000e767f430,0x00000000ec880000)
 Metaspace       used 93751K, capacity 101444K, committed 101632K, reserved 1136640K
  class space    used 12238K, capacity 13731K, committed 13824K, reserved 1048576K
Event: 7536.029 GC heap after
Heap after GC invocations=60 (full 4):
 PSYoungGen      total 122880K, used 17468K [0x00000000f5580000, 0x00000000ff980000, 0x0000000100000000)
  eden space 79872K, 0% used [0x00000000f5580000,0x00000000f5580000,0x00000000fa380000)
  from space 43008K, 40% used [0x00000000fcf80000,0x00000000fe08f0d8,0x00000000ff980000)
  to   space 44032K, 0% used [0x00000000fa380000,0x00000000fa380000,0x00000000fce80000)
 ParOldGen       total 205312K, used 121565K [0x00000000e0000000, 0x00000000ec880000, 0x00000000f5580000)
  object space 205312K, 59% used [0x00000000e0000000,0x00000000e76b7430,0x00000000ec880000)
 Metaspace       used 93751K, capacity 101444K, committed 101632K, reserved 1136640K
  class space    used 12238K, capacity 13731K, committed 13824K, reserved 1048576K
}

