# JRE version: Java(TM) SE Runtime Environment (8.0_181-b13) (build 1.8.0_181-b13)
# Java VM: Java HotSpot(TM) 64-Bit Server VM (25.181-b13 mixed mode windows-amd64 compressed oops)
Heap:
 PSYoungGen      total 135168K, used 32401K [0x00000000f5580000, 0x00000000ffa00000, 0x0000000100000000)
  eden space 104960K, 16% used [0x00000000f5580000,0x00000000f66b0470,0x00000000fbc00000)
  from space 30208K, 48% used [0x00000000fdc80000,0x00000000feaf4158,0x00000000ffa00000)
  to   space 31744K, 0% used [0x00000000fbc00000,0x00000000fbc00000,0x00000000fdb00000)
 ParOldGen       total 349696K, used 217106K [0x00000000e0000000, 0x00000000f5580000, 0x00000000f5580000)
  object space 349696K, 62% used [0x00000000e0000000,0x00000000ed404850,0x00000000f5580000)
 Metaspace       used 92839K, capacity 100308K, committed 100480K, reserved 1136640K
  class space    used 12667K, capacity 14112K, committed 14208K, reserved 1048576K
GC Heap History (10 events):
Event: 41.232 GC heap before
{Heap before GC invocations=32 (full 4):
 PSYoungGen      total 131584K, used 106438K [0x00000000f5580000, 0x00000000fff80000, 0x0000000100000000)
  eden space 92672K, 100% used [0x00000000f5580000,0x00000000fb000000,0x00000000fb000000)
  from space 38912K, 35% used [0x00000000fb000000,0x00000000fbd71880,0x00000000fd600000)
  to   space 37888K, 0% used [0x00000000fda80000,0x00000000fda80000,0x00000000fff80000)
 ParOldGen       total 349696K, used 187445K [0x00000000e0000000, 0x00000000f5580000, 0x00000000f5580000)
  object space 349696K, 53% used [0x00000000e0000000,0x00000000eb70d778,0x00000000f5580000)
 Metaspace       used 91988K, capacity 99354K, committed 99584K, reserved 1134592K
  class space    used 12585K, capacity 14049K, committed 14080K, reserved 1048576K
Event: 41.259 GC heap after
Heap after GC invocations=32 (full 4):
 PSYoungGen      total 134144K, used 8537K [0x00000000f5580000, 0x00000000ffe00000, 0x0000000100000000)
  eden space 97792K, 0% used [0x00000000f5580000,0x00000000f5580000,0x00000000fb500000)
  from space 36352K, 23% used [0x00000000fda80000,0x00000000fe2d6698,0x00000000ffe00000)
  to   space 37376K, 0% used [0x00000000fb500000,0x00000000fb500000,0x00000000fd980000)
 ParOldGen       total 349696K, used 199760K [0x00000000e0000000, 0x00000000f5580000, 0x00000000f5580000)
  object space 349696K, 57% used [0x00000000e0000000,0x00000000ec314298,0x00000000f5580000)
 Metaspace       used 91988K, capacity 99354K, committed 99584K, reserved 1134592K
  class space    used 12585K, capacity 14049K, committed 14080K, reserved 1048576K
}
Event: 41.813 GC heap before
{Heap before GC invocations=33 (full 4):
 PSYoungGen      total 134144K, used 106329K [0x00000000f5580000, 0x00000000ffe00000, 0x0000000100000000)
  eden space 97792K, 100% used [0x00000000f5580000,0x00000000fb500000,0x00000000fb500000)
  from space 36352K, 23% used [0x00000000fda80000,0x00000000fe2d6698,0x00000000ffe00000)
  to   space 37376K, 0% used [0x00000000fb500000,0x00000000fb500000,0x00000000fd980000)
 ParOldGen       total 349696K, used 199760K [0x00000000e0000000, 0x00000000f5580000, 0x00000000f5580000)
  object space 349696K, 57% used [0x00000000e0000000,0x00000000ec314298,0x00000000f5580000)
 Metaspace       used 92229K, capacity 99556K, committed 99840K, reserved 1134592K
  class space    used 12609K, capacity 14050K, committed 14080K, reserved 1048576K
Event: 41.865 GC heap after
Heap after GC invocations=33 (full 4):
 PSYoungGen      total 135168K, used 7097K [0x00000000f5580000, 0x0000000100000000, 0x0000000100000000)
  eden space 97792K, 0% used [0x00000000f5580000,0x00000000f5580000,0x00000000fb500000)
  from space 37376K, 18% used [0x00000000fb500000,0x00000000fbbee720,0x00000000fd980000)
  to   space 36864K, 0% used [0x00000000fdc00000,0x00000000fdc00000,0x0000000100000000)
 ParOldGen       total 349696K, used 202366K [0x00000000e0000000, 0x00000000f5580000, 0x00000000f5580000)
  object space 349696K, 57% used [0x00000000e0000000,0x00000000ec59f900,0x00000000f5580000)
 Metaspace       used 92229K, capacity 99556K, committed 99840K, reserved 1134592K
  class space    used 12609K, capacity 14050K, committed 14080K, reserved 1048576K
}
Event: 42.494 GC heap before
{Heap before GC invocations=34 (full 4):
 PSYoungGen      total 135168K, used 104889K [0x00000000f5580000, 0x0000000100000000, 0x0000000100000000)
  eden space 97792K, 100% used [0x00000000f5580000,0x00000000fb500000,0x00000000fb500000)
  from space 37376K, 18% used [0x00000000fb500000,0x00000000fbbee720,0x00000000fd980000)
  to   space 36864K, 0% used [0x00000000fdc00000,0x00000000fdc00000,0x0000000100000000)
 ParOldGen       total 349696K, used 202366K [0x00000000e0000000, 0x00000000f5580000, 0x00000000f5580000)
  object space 349696K, 57% used [0x00000000e0000000,0x00000000ec59f900,0x00000000f5580000)
 Metaspace       used 92620K, capacity 100024K, committed 100224K, reserved 1134592K
  class space    used 12651K, capacity 14098K, committed 14208K, reserved 1048576K
Event: 42.514 GC heap after
Heap after GC invocations=34 (full 4):
 PSYoungGen      total 134656K, used 8706K [0x00000000f5580000, 0x00000000ffd80000, 0x0000000100000000)
  eden space 100352K, 0% used [0x00000000f5580000,0x00000000f5580000,0x00000000fb780000)
  from space 34304K, 25% used [0x00000000fdc00000,0x00000000fe480ab8,0x00000000ffd80000)
  to   space 35840K, 0% used [0x00000000fb780000,0x00000000fb780000,0x00000000fda80000)
 ParOldGen       total 349696K, used 206651K [0x00000000e0000000, 0x00000000f5580000, 0x00000000f5580000)
  object space 349696K, 59% used [0x00000000e0000000,0x00000000ec9cefc0,0x00000000f5580000)
 Metaspace       used 92620K, capacity 100024K, committed 100224K, reserved 1134592K
  class space    used 12651K, capacity 14098K, committed 14208K, reserved 1048576K
}
Event: 42.835 GC heap before
{Heap before GC invocations=35 (full 4):
 PSYoungGen      total 134656K, used 109058K [0x00000000f5580000, 0x00000000ffd80000, 0x0000000100000000)
  eden space 100352K, 100% used [0x00000000f5580000,0x00000000fb780000,0x00000000fb780000)
  from space 34304K, 25% used [0x00000000fdc00000,0x00000000fe480ab8,0x00000000ffd80000)
  to   space 35840K, 0% used [0x00000000fb780000,0x00000000fb780000,0x00000000fda80000)
 ParOldGen       total 349696K, used 206651K [0x00000000e0000000, 0x00000000f5580000, 0x00000000f5580000)
  object space 349696K, 59% used [0x00000000e0000000,0x00000000ec9cefc0,0x00000000f5580000)
 Metaspace       used 92679K, capacity 100024K, committed 100224K, reserved 1134592K
  class space    used 12651K, capacity 14098K, committed 14208K, reserved 1048576K
Event: 42.868 GC heap after
Heap after GC invocations=35 (full 4):
 PSYoungGen      total 136192K, used 14328K [0x00000000f5580000, 0x00000000ffd80000, 0x0000000100000000)
  eden space 100352K, 0% used [0x00000000f5580000,0x00000000f5580000,0x00000000fb780000)
  from space 35840K, 39% used [0x00000000fb780000,0x00000000fc57e070,0x00000000fda80000)
  to   space 33792K, 0% used [0x00000000fdc80000,0x00000000fdc80000,0x00000000ffd80000)
 ParOldGen       total 349696K, used 213539K [0x00000000e0000000, 0x00000000f5580000, 0x00000000f5580000)
  object space 349696K, 61% used [0x00000000e0000000,0x00000000ed088f50,0x00000000f5580000)
 Metaspace       used 92679K, capacity 100024K, committed 100224K, reserved 1134592K
  class space    used 12651K, capacity 14098K, committed 14208K, reserved 1048576K
}
Event: 44.416 GC heap before
{Heap before GC invocations=36 (full 4):
 PSYoungGen      total 136192K, used 114680K [0x00000000f5580000, 0x00000000ffd80000, 0x0000000100000000)
  eden space 100352K, 100% used [0x00000000f5580000,0x00000000fb780000,0x00000000fb780000)
  from space 35840K, 39% used [0x00000000fb780000,0x00000000fc57e070,0x00000000fda80000)
  to   space 33792K, 0% used [0x00000000fdc80000,0x00000000fdc80000,0x00000000ffd80000)
 ParOldGen       total 349696K, used 213539K [0x00000000e0000000, 0x00000000f5580000, 0x00000000f5580000)
  object space 349696K, 61% used [0x00000000e0000000,0x00000000ed088f50,0x00000000f5580000)
 Metaspace       used 92817K, capacity 100244K, committed 100480K, reserved 1136640K
  class space    used 12667K, capacity 14112K, committed 14208K, reserved 1048576K
Event: 44.437 GC heap after
Heap after GC invocations=36 (full 4):
 PSYoungGen      total 135168K, used 14800K [0x00000000f5580000, 0x00000000ffa00000, 0x0000000100000000)
  eden space 104960K, 0% used [0x00000000f5580000,0x00000000f5580000,0x00000000fbc00000)
  from space 30208K, 48% used [0x00000000fdc80000,0x00000000feaf4158,0x00000000ffa00000)
  to   space 31744K, 0% used [0x00000000fbc00000,0x00000000fbc00000,0x00000000fdb00000)
 ParOldGen       total 349696K, used 217106K [0x00000000e0000000, 0x00000000f5580000, 0x00000000f5580000)
  object space 349696K, 62% used [0x00000000e0000000,0x00000000ed404850,0x00000000f5580000)
 Metaspace       used 92817K, capacity 100244K, committed 100480K, reserved 1136640K
  class space    used 12667K, capacity 14112K, committed 14208K, reserved 1048576K
}

